  Camera.cpp
  Entity.cpp
  IG1App.cpp
  main.cpp
  Scene.cpp
  Shader.cpp
U:\hlocal\ht\IGProjects_x64_VS2022\IG1App\Entity.cpp(11,9): error C2665: 'Shader::setUniform':ninguna función sobrecargada pudo convertir todos los tipos de argumento
U:\hlocal\ht\IGProjects_x64_VS2022\IG1App\Shader.h(23,7): message : puede ser 'void Shader::setUniform(const std::string &,const glm::vec4 &)' (compilando archivo de origen Entity.cpp)
U:\hlocal\ht\IGProjects_x64_VS2022\IG1App\Entity.cpp(11,9): message : 'void Shader::setUniform(const std::string &,const glm::vec4 &)': el argumento 2 no puede convertirse de 'const glm::mat4' a 'const glm::vec4 &'
U:\hlocal\ht\IGProjects_x64_VS2022\IG1App\Entity.cpp(11,35): message : Razón: no se puede realizar la conversión de 'const glm::mat4' a 'const glm::vec4'
U:\hlocal\ht\IGProjects_x64_VS2022\IG1App\Entity.cpp(11,35): message : No hay disponible ningún operador de conversión definido por el usuario que pueda realizar esta conversión, o bien no se puede llamar al operador
U:\hlocal\ht\IGProjects_x64_VS2022\IG1App\Shader.h(22,7): message : o       'void Shader::setUniform(const std::string &,const glm::vec3 &)' (compilando archivo de origen Entity.cpp)
U:\hlocal\ht\IGProjects_x64_VS2022\IG1App\Entity.cpp(11,9): message : 'void Shader::setUniform(const std::string &,const glm::vec3 &)': el argumento 2 no puede convertirse de 'const glm::mat4' a 'const glm::vec3 &'
U:\hlocal\ht\IGProjects_x64_VS2022\IG1App\Entity.cpp(11,35): message : Razón: no se puede realizar la conversión de 'const glm::mat4' a 'const glm::vec3'
U:\hlocal\ht\IGProjects_x64_VS2022\IG1App\Entity.cpp(11,35): message : No hay disponible ningún operador de conversión definido por el usuario que pueda realizar esta conversión, o bien no se puede llamar al operador
U:\hlocal\ht\IGProjects_x64_VS2022\IG1App\Shader.h(21,7): message : o       'void Shader::setUniform(const std::string &,float)' (compilando archivo de origen Entity.cpp)
U:\hlocal\ht\IGProjects_x64_VS2022\IG1App\Entity.cpp(11,9): message : 'void Shader::setUniform(const std::string &,float)': el argumento 2 no puede convertirse de 'const glm::mat4' a 'float'
U:\hlocal\ht\IGProjects_x64_VS2022\IG1App\Entity.cpp(11,35): message : No hay disponible ningún operador de conversión definido por el usuario que pueda realizar esta conversión, o bien no se puede llamar al operador
U:\hlocal\ht\IGProjects_x64_VS2022\IG1App\Shader.h(20,7): message : o       'void Shader::setUniform(const std::string &,bool)' (compilando archivo de origen Entity.cpp)
U:\hlocal\ht\IGProjects_x64_VS2022\IG1App\Entity.cpp(11,9): message : 'void Shader::setUniform(const std::string &,bool)': el argumento 2 no puede convertirse de 'const glm::mat4' a 'bool'
U:\hlocal\ht\IGProjects_x64_VS2022\IG1App\Entity.cpp(11,35): message : No hay disponible ningún operador de conversión definido por el usuario que pueda realizar esta conversión, o bien no se puede llamar al operador
U:\hlocal\ht\IGProjects_x64_VS2022\IG1App\Entity.cpp(11,9): message : al hacer coincidir la lista de argumentos '(const char [10], const glm::mat4)'
U:\hlocal\ht\IGProjects_x64_VS2022\IG1App\Entity.cpp(60,10): error C2668: 'Shader::setUniform': llamada ambigua a una función sobrecargada
U:\hlocal\ht\IGProjects_x64_VS2022\IG1App\Shader.h(23,7): message : puede ser 'void Shader::setUniform(const std::string &,const glm::vec4 &)' (compilando archivo de origen Entity.cpp)
U:\hlocal\ht\IGProjects_x64_VS2022\IG1App\Shader.h(22,7): message : o       'void Shader::setUniform(const std::string &,const glm::vec3 &)' (compilando archivo de origen Entity.cpp)
U:\hlocal\ht\IGProjects_x64_VS2022\IG1App\Entity.cpp(60,10): message : al hacer coincidir la lista de argumentos '(std::string, const glm::dvec4)'
U:\hlocal\ht\IGProjects_x64_VS2022\IG1App\Scene.cpp(56,25): warning C4305: 'argumento': truncamiento de 'double' a 'GLclampf'
U:\hlocal\ht\IGProjects_x64_VS2022\IG1App\Scene.cpp(56,20): warning C4305: 'argumento': truncamiento de 'double' a 'GLclampf'
U:\hlocal\ht\IGProjects_x64_VS2022\IG1App\Scene.cpp(56,15): warning C4305: 'argumento': truncamiento de 'double' a 'GLclampf'
U:\hlocal\ht\IGProjects_x64_VS2022\IG1App\Shader.cpp(132,9): error C2665: 'Shader::setUniform':ninguna función sobrecargada pudo convertir todos los tipos de argumento
U:\hlocal\ht\IGProjects_x64_VS2022\IG1App\Shader.cpp(102,9): message : puede ser 'void Shader::setUniform(const std::string &,const glm::vec4 &)'
U:\hlocal\ht\IGProjects_x64_VS2022\IG1App\Shader.cpp(132,9): message : 'void Shader::setUniform(const std::string &,const glm::vec4 &)': el argumento 2 no puede convertirse de 'const glm::mat4' a 'const glm::vec4 &'
U:\hlocal\ht\IGProjects_x64_VS2022\IG1App\Shader.cpp(132,28): message : Razón: no se puede realizar la conversión de 'const glm::mat4' a 'const glm::vec4'
U:\hlocal\ht\IGProjects_x64_VS2022\IG1App\Shader.cpp(132,28): message : No hay disponible ningún operador de conversión definido por el usuario que pueda realizar esta conversión, o bien no se puede llamar al operador
U:\hlocal\ht\IGProjects_x64_VS2022\IG1App\Shader.cpp(96,9): message : o       'void Shader::setUniform(const std::string &,const glm::vec3 &)'
U:\hlocal\ht\IGProjects_x64_VS2022\IG1App\Shader.cpp(132,9): message : 'void Shader::setUniform(const std::string &,const glm::vec3 &)': el argumento 2 no puede convertirse de 'const glm::mat4' a 'const glm::vec3 &'
U:\hlocal\ht\IGProjects_x64_VS2022\IG1App\Shader.cpp(132,28): message : Razón: no se puede realizar la conversión de 'const glm::mat4' a 'const glm::vec3'
U:\hlocal\ht\IGProjects_x64_VS2022\IG1App\Shader.cpp(132,28): message : No hay disponible ningún operador de conversión definido por el usuario que pueda realizar esta conversión, o bien no se puede llamar al operador
U:\hlocal\ht\IGProjects_x64_VS2022\IG1App\Shader.cpp(90,9): message : o       'void Shader::setUniform(const std::string &,float)'
U:\hlocal\ht\IGProjects_x64_VS2022\IG1App\Shader.cpp(132,9): message : 'void Shader::setUniform(const std::string &,float)': el argumento 2 no puede convertirse de 'const glm::mat4' a 'float'
U:\hlocal\ht\IGProjects_x64_VS2022\IG1App\Shader.cpp(132,28): message : No hay disponible ningún operador de conversión definido por el usuario que pueda realizar esta conversión, o bien no se puede llamar al operador
U:\hlocal\ht\IGProjects_x64_VS2022\IG1App\Shader.cpp(84,9): message : o       'void Shader::setUniform(const std::string &,bool)'
U:\hlocal\ht\IGProjects_x64_VS2022\IG1App\Shader.cpp(132,9): message : 'void Shader::setUniform(const std::string &,bool)': el argumento 2 no puede convertirse de 'const glm::mat4' a 'bool'
U:\hlocal\ht\IGProjects_x64_VS2022\IG1App\Shader.cpp(132,28): message : No hay disponible ningún operador de conversión definido por el usuario que pueda realizar esta conversión, o bien no se puede llamar al operador
U:\hlocal\ht\IGProjects_x64_VS2022\IG1App\Shader.cpp(132,9): message : al hacer coincidir la lista de argumentos '(const std::string, const glm::mat4)'
